<?xml version="1.0" encoding="UTF-8"?>
<!-- Generated by org.testng.reporters.JUnitReportReporter -->
<testsuite hostname="DESKTOP-781TC0U" failures="0" tests="3" name="FM_Package.FrameWork_Project.PageFactory_OrangeHRM" time="33.215" errors="0" timestamp="2022-04-06T17:16:56 EDT" skipped="0">
  <testcase classname="FM_Package.FrameWork_Project.PageFactory_OrangeHRM" name="login" time="10.328"/>
  <system-out/>
  <testcase classname="FM_Package.FrameWork_Project.PageFactory_OrangeHRM" name="login" time="10.148"/>
  <system-out/>
  <testcase classname="FM_Package.FrameWork_Project.PageFactory_OrangeHRM" name="login" time="12.739"/>
  <system-out/>
</testsuite> <!-- FM_Package.FrameWork_Project.PageFactory_OrangeHRM -->
