<?xml version="1.0" encoding="UTF-8"?>
<!-- Generated by org.testng.reporters.JUnitReportReporter -->
<testsuite hostname="DESKTOP-781TC0U" failures="0" tests="3" name="LoginTest.MainFM.PageFactory_OrangeHRM" time="30.968" errors="0" timestamp="2022-04-07T23:45:38 EDT" skipped="0">
  <testcase classname="LoginTest.MainFM.PageFactory_OrangeHRM" name="login" time="10.872"/>
  <system-out/>
  <testcase classname="LoginTest.MainFM.PageFactory_OrangeHRM" name="login" time="11.287"/>
  <system-out/>
  <testcase classname="LoginTest.MainFM.PageFactory_OrangeHRM" name="login" time="8.809"/>
  <system-out/>
</testsuite> <!-- LoginTest.MainFM.PageFactory_OrangeHRM -->
