<?xml version="1.0" encoding="UTF-8"?>
<!-- Generated by org.testng.reporters.JUnitReportReporter -->
<testsuite hostname="DESKTOP-781TC0U" failures="0" tests="3" name="LoginTest.MainFM.ErrorFix" time="40.244" errors="0" timestamp="2022-04-13T17:06:22 EDT" skipped="0">
  <testcase classname="LoginTest.MainFM.ErrorFix" name="login" time="7.939"/>
  <system-out/>
  <testcase classname="LoginTest.MainFM.ErrorFix" name="login" time="11.173"/>
  <system-out/>
  <testcase classname="LoginTest.MainFM.ErrorFix" name="login" time="21.132"/>
  <system-out/>
</testsuite> <!-- LoginTest.MainFM.ErrorFix -->
