<?xml version="1.0" encoding="UTF-8"?>
<!-- Generated by org.testng.reporters.JUnitReportReporter -->
<testsuite hostname="DESKTOP-781TC0U" failures="0" tests="3" name="LoginTest.MainFM.TestCase_LogInOrangeHRM" time="35.003" errors="0" timestamp="2022-04-17T23:29:11 EDT" skipped="0">
  <testcase classname="LoginTest.MainFM.TestCase_LogInOrangeHRM" name="login_TestCase" time="8.855"/>
  <system-out/>
  <testcase classname="LoginTest.MainFM.TestCase_LogInOrangeHRM" name="login_TestCase" time="14.743"/>
  <system-out/>
  <testcase classname="LoginTest.MainFM.TestCase_LogInOrangeHRM" name="login_TestCase" time="11.405"/>
  <system-out/>
</testsuite> <!-- LoginTest.MainFM.TestCase_LogInOrangeHRM -->
